<?xml version="1.0" encoding="UTF-8"?>
<!-- Generated by org.testng.reporters.JUnitXMLReporter -->
<testsuite hostname="tr-c7a95b29e8b5" name="Default test" tests="2" failures="0" timestamp="29 Apr 2018 16:47:08 GMT" time="0.032" errors="0">
  <testcase name="testServices" time="0.016" classname="com.tr.testng.WebTour">
    <skipped/>
  </testcase> <!-- testServices -->
  <testcase name="testTitleAndOutPutLink" time="0.0" classname="com.tr.testng.WebTour">
    <skipped/>
  </testcase> <!-- testTitleAndOutPutLink -->
</testsuite> <!-- Default test -->
