<?xml version="1.0" encoding="UTF-8"?>
<testng-results skipped="0" failed="0" total="2" passed="2">
  <reporter-output>
  </reporter-output>
  <suite name="My test suite" duration-ms="21219" started-at="2018-04-29T16:58:10Z" finished-at="2018-04-29T16:58:31Z">
    <groups>
    </groups>
    <test name="WebTours" duration-ms="21219" started-at="2018-04-29T16:58:10Z" finished-at="2018-04-29T16:58:31Z">
      <class name="com.tr.testng.WebTour">
        <test-method status="PASS" signature="beforeTest()[pri:0, instance:com.tr.testng.WebTour@1fd17e3]" name="beforeTest" is-config="true" duration-ms="0" started-at="2018-04-30T00:58:10Z" finished-at="2018-04-30T00:58:10Z">
          <reporter-output>
          </reporter-output>
        </test-method> <!-- beforeTest -->
        <test-method status="PASS" signature="setUp(java.lang.String, java.lang.String, java.lang.String)[pri:0, instance:com.tr.testng.WebTour@1fd17e3]" name="setUp" is-config="true" duration-ms="6359" started-at="2018-04-30T00:58:10Z" finished-at="2018-04-30T00:58:16Z">
          <params>
            <param index="0">
              <value>
                <![CDATA[http://127.0.0.1:1080/WebTours/]]>
              </value>
            </param>
            <param index="1">
              <value>
                <![CDATA[webdriver.firefox.marionette]]>
              </value>
            </param>
            <param index="2">
              <value>
                <![CDATA[f:\\geckodriver.exe]]>
              </value>
            </param>
          </params>
          <reporter-output>
          </reporter-output>
        </test-method> <!-- setUp -->
        <test-method status="PASS" signature="beforeClass()[pri:0, instance:com.tr.testng.WebTour@1fd17e3]" name="beforeClass" is-config="true" duration-ms="0" started-at="2018-04-30T00:58:10Z" finished-at="2018-04-30T00:58:10Z">
          <reporter-output>
          </reporter-output>
        </test-method> <!-- beforeClass -->
        <test-method status="PASS" signature="testTitleAndOutPutLink(java.lang.String)[pri:0, instance:com.tr.testng.WebTour@1fd17e3]" name="testTitleAndOutPutLink" duration-ms="219" started-at="2018-04-30T00:58:16Z" finished-at="2018-04-30T00:58:17Z">
          <params>
            <param index="0">
              <value>
                <![CDATA[Web Tours]]>
              </value>
            </param>
          </params>
          <reporter-output>
          </reporter-output>
        </test-method> <!-- testTitleAndOutPutLink -->
        <test-method status="PASS" signature="setUp(java.lang.String, java.lang.String, java.lang.String)[pri:0, instance:com.tr.testng.WebTour@1fd17e3]" name="setUp" is-config="true" duration-ms="7437" started-at="2018-04-30T00:58:17Z" finished-at="2018-04-30T00:58:24Z">
          <params>
            <param index="0">
              <value>
                <![CDATA[http://127.0.0.1:1080/WebTours/]]>
              </value>
            </param>
            <param index="1">
              <value>
                <![CDATA[webdriver.firefox.marionette]]>
              </value>
            </param>
            <param index="2">
              <value>
                <![CDATA[f:\\geckodriver.exe]]>
              </value>
            </param>
          </params>
          <reporter-output>
          </reporter-output>
        </test-method> <!-- setUp -->
        <test-method status="PASS" signature="testServices(java.lang.String, java.lang.String, java.lang.String, java.lang.String, java.lang.String, java.lang.String)[pri:0, instance:com.tr.testng.WebTour@1fd17e3]" name="testServices" duration-ms="6547" started-at="2018-04-30T00:58:24Z" finished-at="2018-04-30T00:58:31Z">
          <params>
            <param index="0">
              <value>
                <![CDATA[tr]]>
              </value>
            </param>
            <param index="1">
              <value>
                <![CDATA[123123]]>
              </value>
            </param>
            <param index="2">
              <value>
                <![CDATA[rui]]>
              </value>
            </param>
            <param index="3">
              <value>
                <![CDATA[2015020800117]]>
              </value>
            </param>
            <param index="4">
              <value>
                <![CDATA[F:/invoice.jpg]]>
              </value>
            </param>
            <param index="5">
              <value>
                <![CDATA[tang]]>
              </value>
            </param>
          </params>
          <reporter-output>
          </reporter-output>
        </test-method> <!-- testServices -->
        <test-method status="FAIL" signature="tearDown()[pri:0, instance:com.tr.testng.WebTour@1fd17e3]" name="tearDown" is-config="true" duration-ms="0" started-at="2018-04-30T00:58:31Z" finished-at="2018-04-30T00:58:31Z">
          <exception class="org.openqa.selenium.NoSuchSessionException">
            <message>
              <![CDATA[Session ID is null. Using WebDriver after calling quit()?
Build info: version: '3.11.0', revision: 'e59cfb3', time: '2018-03-11T20:33:08.638Z'
System info: host: 'TR-C7A95B29E8B5', ip: '192.168.145.130', os.name: 'Windows XP', os.arch: 'x86', os.version: '5.1', java.version: '1.8.0_66'
Driver info: driver.version: RemoteWebDriver]]>
            </message>
            <full-stacktrace>
              <![CDATA[org.openqa.selenium.NoSuchSessionException: Session ID is null. Using WebDriver after calling quit()?
Build info: version: '3.11.0', revision: 'e59cfb3', time: '2018-03-11T20:33:08.638Z'
System info: host: 'TR-C7A95B29E8B5', ip: '192.168.145.130', os.name: 'Windows XP', os.arch: 'x86', os.version: '5.1', java.version: '1.8.0_66'
Driver info: driver.version: RemoteWebDriver
	at org.openqa.selenium.remote.HttpCommandExecutor.execute(HttpCommandExecutor.java:125)
	at org.openqa.selenium.remote.service.DriverCommandExecutor.execute(DriverCommandExecutor.java:83)
	at org.openqa.selenium.remote.RemoteWebDriver.execute(RemoteWebDriver.java:545)
	at org.openqa.selenium.remote.RemoteWebDriver.execute(RemoteWebDriver.java:602)
	at org.openqa.selenium.remote.RemoteWebDriver.close(RemoteWebDriver.java:435)
	at com.tr.testng.WebTour.tearDown(WebTour.java:51)
	at sun.reflect.NativeMethodAccessorImpl.invoke0(Native Method)
	at sun.reflect.NativeMethodAccessorImpl.invoke(NativeMethodAccessorImpl.java:62)
	at sun.reflect.DelegatingMethodAccessorImpl.invoke(DelegatingMethodAccessorImpl.java:43)
	at java.lang.reflect.Method.invoke(Method.java:497)
	at org.testng.internal.MethodInvocationHelper.invokeMethod(MethodInvocationHelper.java:84)
	at org.testng.internal.Invoker.invokeConfigurationMethod(Invoker.java:564)
	at org.testng.internal.Invoker.invokeConfigurations(Invoker.java:213)
	at org.testng.internal.Invoker.invokeConfigurations(Invoker.java:138)
	at org.testng.TestRunner.afterRun(TestRunner.java:1014)
	at org.testng.TestRunner.run(TestRunner.java:621)
	at org.testng.SuiteRunner.runTest(SuiteRunner.java:334)
	at org.testng.SuiteRunner.runSequentially(SuiteRunner.java:329)
	at org.testng.SuiteRunner.privateRun(SuiteRunner.java:291)
	at org.testng.SuiteRunner.run(SuiteRunner.java:240)
	at org.testng.SuiteRunnerWorker.runSuite(SuiteRunnerWorker.java:52)
	at org.testng.SuiteRunnerWorker.run(SuiteRunnerWorker.java:86)
	at org.testng.TestNG.runSuitesSequentially(TestNG.java:1224)
	at org.testng.TestNG.runSuitesLocally(TestNG.java:1149)
	at org.testng.TestNG.run(TestNG.java:1057)
	at org.testng.remote.RemoteTestNG.run(RemoteTestNG.java:111)
	at org.testng.remote.RemoteTestNG.initAndRun(RemoteTestNG.java:204)
	at org.testng.remote.RemoteTestNG.main(RemoteTestNG.java:175)
]]>
            </full-stacktrace>
          </exception> <!-- org.openqa.selenium.NoSuchSessionException -->
          <reporter-output>
          </reporter-output>
        </test-method> <!-- tearDown -->
      </class> <!-- com.tr.testng.WebTour -->
    </test> <!-- WebTours -->
  </suite> <!-- My test suite -->
</testng-results>
